{"level":"info","msg":"ready to consume data","time":"2019-09-17T13:26:23+07:00"}
{"level":"info","msg":"ready to consume data","time":"2019-09-17T13:32:12+07:00"}
{"level":"info","msg":"ready to consume data","time":"2019-09-17T13:35:39+07:00"}
{"level":"info","msg":"ready to consume data","time":"2019-09-17T13:37:33+07:00"}
{"level":"info","msg":"ready to consume data","time":"2019-09-17T13:44:26+07:00"}
{"level":"info","msg":"ready to consume data","time":"2019-09-17T13:47:21+07:00"}
{"level":"info","msg":"ready to consume data","time":"2019-09-17T13:49:05+07:00"}
{"level":"info","msg":"ready to consume data","time":"2019-09-17T13:50:07+07:00"}
{"level":"info","msg":"ready to consume data","time":"2019-09-17T13:55:05+07:00"}
{"level":"info","msg":"ready to consume data","time":"2019-09-17T14:03:08+07:00"}
{"level":"info","msg":"ready to consume data","time":"2019-09-17T14:04:04+07:00"}
{"level":"info","msg":"ready to consume data","time":"2019-09-17T14:07:52+07:00"}
{"level":"error","msg":"Error Get Consumer dataResourceNotFoundException: Stream mystream under account 000000000000 not found.\n\tstatus code: 400, request id: dd6e3d70-d919-11e9-b39b-bf386a8265b7","time":"2019-09-17T14:07:52+07:00"}
{"level":"info","msg":"ready to consume data","time":"2019-09-17T14:09:14+07:00"}
{"level":"info","msg":"ready to consume data","time":"2019-09-17T14:11:02+07:00"}
{"level":"info","msg":"ready to consume data","time":"2019-09-17T14:12:44+07:00"}
{"level":"info","msg":"ready to consume data","time":"2019-09-17T14:17:28+07:00"}
{"level":"info","msg":"ready to consume data","time":"2019-09-17T14:41:53+07:00"}
{"level":"info","msg":"ready to consume data","time":"2019-09-17T14:57:25+07:00"}
{"level":"info","msg":"json: cannot unmarshal number into Go struct field .Dashboard of type string","time":"2019-09-17T14:57:28+07:00"}
{"level":"info","msg":"json: cannot unmarshal number into Go struct field .Dashboard of type string","time":"2019-09-17T14:59:06+07:00"}
{"level":"info","msg":"ready to consume data","time":"2019-09-17T15:06:29+07:00"}
{"level":"info","msg":"json: cannot unmarshal number into Go struct field .Dashboard of type string","time":"2019-09-17T15:06:30+07:00"}
{"level":"info","msg":"ready to consume data","time":"2019-09-17T15:08:25+07:00"}
{"level":"info","msg":"json: cannot unmarshal number into Go struct field .Dashboard of type string","time":"2019-09-17T15:08:26+07:00"}
{"level":"info","msg":"ready to consume data","time":"2019-09-17T15:10:48+07:00"}
{"level":"info","msg":"json: cannot unmarshal number into Go struct field .Dashboard of type string","time":"2019-09-17T15:10:48+07:00"}
{"level":"info","msg":"ready to consume data","time":"2019-09-17T15:15:30+07:00"}
{"level":"info","msg":"json: cannot unmarshal number into Go struct field .Dashboard of type string","time":"2019-09-17T15:15:30+07:00"}
{"level":"info","msg":"ready to consume data","time":"2019-09-17T15:19:37+07:00"}
{"level":"info","msg":"json: cannot unmarshal number into Go struct field .Dashboard of type string","time":"2019-09-17T15:19:37+07:00"}
{"level":"info","msg":"json: cannot unmarshal number into Go struct field .Dashboard of type string","time":"2019-09-17T15:20:22+07:00"}
{"level":"info","msg":"ready to consume data","time":"2019-09-17T15:22:47+07:00"}
{"level":"info","msg":"json: cannot unmarshal number into Go struct field .Dashboard of type string","time":"2019-09-17T15:22:47+07:00"}
{"level":"info","msg":"json: cannot unmarshal number into Go struct field .Dashboard of type string","time":"2019-09-17T15:22:47+07:00"}
{"level":"info","msg":"ready to consume data","time":"2019-09-17T15:24:22+07:00"}
{"level":"info","msg":"json: cannot unmarshal number into Go struct field .Dashboard of type string","time":"2019-09-17T15:24:23+07:00"}
{"level":"info","msg":"json: cannot unmarshal number into Go struct field .Dashboard of type string","time":"2019-09-17T15:24:23+07:00"}
{"level":"info","msg":"ready to consume data","time":"2019-09-17T15:41:33+07:00"}
{"level":"info","msg":"json: cannot unmarshal number into Go struct field .Dashboard of type string","time":"2019-09-17T15:41:34+07:00"}
{"level":"info","msg":"json: cannot unmarshal number into Go struct field .Dashboard of type string","time":"2019-09-17T15:41:34+07:00"}
{"level":"info","msg":"ready to consume data","time":"2019-09-17T15:45:21+07:00"}
{"level":"info","msg":"json: cannot unmarshal number into Go struct field .Dashboard of type string","time":"2019-09-17T15:45:22+07:00"}
{"level":"info","msg":"json: cannot unmarshal number into Go struct field .Dashboard of type string","time":"2019-09-17T15:45:22+07:00"}
{"level":"info","msg":"ready to consume data","time":"2019-09-17T15:47:26+07:00"}
{"level":"info","msg":"json: cannot unmarshal number into Go struct field .Dashboard of type string","time":"2019-09-17T15:47:26+07:00"}
{"level":"info","msg":"json: cannot unmarshal number into Go struct field .Dashboard of type string","time":"2019-09-17T15:47:26+07:00"}
<<<<<<< Updated upstream
{"level":"info","msg":"ready to consume data","time":"2019-09-17T16:28:15+07:00"}
=======
{"level":"info","msg":"ready to consume data","time":"2019-09-17T16:31:43+07:00"}
{"level":"info","msg":"ready to consume data","time":"2019-09-17T17:09:10+07:00"}
{"level":"info","msg":"ready to consume data","time":"2019-09-17T17:17:26+07:00"}
{"level":"error","msg":"Error Get Consumer dataRequestError: send request failed\ncaused by: Post http://localhost:4568/: read tcp 127.0.0.1:56926-\u003e127.0.0.1:4568: read: connection reset by peer","time":"2019-09-17T17:17:26+07:00"}
{"level":"error","msg":"Error Get Consumer dataRequestError: send request failed\ncaused by: Post http://localhost:4568/: read tcp 127.0.0.1:57060-\u003e127.0.0.1:4568: read: connection reset by peer","time":"2019-09-17T17:17:56+07:00"}
{"level":"error","msg":"Error Get Consumer dataResourceNotFoundException: Stream mystream under account 000000000000 not found.\n\tstatus code: 400, request id: 7d30fcc0-d934-11e9-a8f0-91c70c629ce6","time":"2019-09-17T17:18:27+07:00"}
{"level":"error","msg":"Error Get Consumer dataResourceNotFoundException: Stream mystream under account 000000000000 not found.\n\tstatus code: 400, request id: 8f20f7a0-d934-11e9-a8f0-91c70c629ce6","time":"2019-09-17T17:18:57+07:00"}
{"level":"error","msg":"Error Get Consumer dataResourceNotFoundException: Stream mystream under account 000000000000 not found.\n\tstatus code: 400, request id: a107cac0-d934-11e9-a8f0-91c70c629ce6","time":"2019-09-17T17:19:27+07:00"}
{"level":"error","msg":"Error Get Consumer dataResourceNotFoundException: Stream mystream under account 000000000000 not found.\n\tstatus code: 400, request id: b2ecf030-d934-11e9-a8f0-91c70c629ce6","time":"2019-09-17T17:19:57+07:00"}
{"level":"error","msg":"Error Get Consumer dataResourceNotFoundException: Stream mystream under account 000000000000 not found.\n\tstatus code: 400, request id: c4f973c0-d934-11e9-a8f0-91c70c629ce6","time":"2019-09-17T17:20:27+07:00"}
>>>>>>> Stashed changes
